<< CAP LS
<< PASS password
<< NICK kquetat-
<< USER kquetat- kquetat- localhost :Kian Quetat-Riou
>> CAP * LS :
<< CAP END
>> : NICK kquetat-
>> : 001 kquetat- :Welcome to the Internet Relay Network kquetat-
<< MODE kquetat- +i
>> CAP * LS :
>> : 421 MODE :Unknown command
<< PING 
<< JOIN #mychannel
>> : 461 #mychannel :Not enough parameters
<< PART #mychannel
>> : 421 PART :Unknown command
<< QUIT :leaving
<< CAP LS
<< NICK kquetat-
<< USER kquetat- kquetat- irc.libera.chat :Kian Quetat-Riou
>> :erbium.libera.chat NOTICE * :*** Checking Ident
>> :erbium.libera.chat NOTICE * :*** Looking up your hostname...
>> :erbium.libera.chat NOTICE * :*** Couldn't look up your hostname
>> :erbium.libera.chat NOTICE * :*** No Ident response
>> :erbium.libera.chat CAP * LS :account-notify away-notify chghost extended-join multi-prefix sasl tls account-tag cap-notify echo-message server-time solanum.chat/identify-msg solanum.chat/oper solanum.chat/realhost
<< CAP REQ :multi-prefix
>> :erbium.libera.chat CAP kquetat- ACK :multi-prefix
<< CAP END
>> :erbium.libera.chat 001 kquetat- :Welcome to the Libera.Chat Internet Relay Chat Network kquetat-
<< MODE kquetat- +i
>> :erbium.libera.chat 002 kquetat- :Your host is erbium.libera.chat[82.96.96.60/6697], running version solanum-1.0-dev
>> :erbium.libera.chat 003 kquetat- :This server was created Tue Nov 14 2023 at 21:13:03 UTC
>> :erbium.libera.chat 004 kquetat- erbium.libera.chat solanum-1.0-dev DGIMQRSZaghilopsuwz CFILMPQRSTbcefgijklmnopqrstuvz bkloveqjfI
>> :erbium.libera.chat 005 kquetat- ACCOUNTEXTBAN=a SAFELIST ELIST=CMNTU MONITOR=100 FNC WHOX ETRACE KNOCK CALLERID=g CHANTYPES=# EXCEPTS INVEX :are supported by this server
>> :erbium.libera.chat 005 kquetat- CHANMODES=eIbq,k,flj,CFLMPQRSTcgimnprstuz CHANLIMIT=#:250 PREFIX=(ov)@+ MAXLIST=bqeI:100 MODES=4 NETWORK=Libera.Chat STATUSMSG=@+ CASEMAPPING=rfc1459 NICKLEN=16 MAXNICKLEN=16 CHANNELLEN=50 TOPICLEN=390 :are supported by this server
>> :erbium.libera.chat 005 kquetat- DEAF=D TARGMAX=NAMES:1,LIST:1,KICK:1,WHOIS:1,PRIVMSG:4,NOTICE:4,ACCEPT:,MONITOR: EXTBAN=$,agjrxz :are supported by this server
>> :erbium.libera.chat 251 kquetat- :There are 70 users and 35061 invisible on 28 servers
>> :erbium.libera.chat 252 kquetat- 42 :IRC Operators online
>> :erbium.libera.chat 253 kquetat- 156 :unknown connection(s)
>> :erbium.libera.chat 254 kquetat- 23064 :channels formed
>> :erbium.libera.chat 255 kquetat- :I have 2233 clients and 1 servers
>> :erbium.libera.chat 265 kquetat- 2233 3031 :Current local users 2233, max 3031
>> :erbium.libera.chat 266 kquetat- 35131 37286 :Current global users 35131, max 37286
>> :erbium.libera.chat 250 kquetat- :Highest connection count: 3032 (3031 clients) (334682 connections received)
>> :erbium.libera.chat 375 kquetat- :- erbium.libera.chat Message of the Day - 
>> :erbium.libera.chat 372 kquetat- :- Welcome to Libera Chat, the IRC network for
>> :erbium.libera.chat 372 kquetat- :- free & open-source software and peer directed projects.
>> :erbium.libera.chat 372 kquetat- :-  
>> :erbium.libera.chat 372 kquetat- :- Use of Libera Chat is governed by our network policies.
>> :erbium.libera.chat 372 kquetat- :-  
>> :erbium.libera.chat 372 kquetat- :- To reduce network abuses we perform open proxy checks
>> :erbium.libera.chat 372 kquetat- :- on hosts at connection time.
>> :erbium.libera.chat 372 kquetat- :-  
>> :erbium.libera.chat 372 kquetat- :- Please visit us in #libera for questions and support.
>> :erbium.libera.chat 372 kquetat- :-  
>> :erbium.libera.chat 372 kquetat- :- Website and documentation:  https://libera.chat
>> :erbium.libera.chat 372 kquetat- :- Webchat:                    https://web.libera.chat
>> :erbium.libera.chat 372 kquetat- :- Network policies:           https://libera.chat/policies
>> :erbium.libera.chat 372 kquetat- :- Email:                      support@libera.chat
>> :erbium.libera.chat 376 kquetat- :End of /MOTD command.
>> :kquetat- MODE kquetat- :+Ziw
<< PING erbium.libera.chat
>> :erbium.libera.chat PONG erbium.libera.chat :erbium.libera.chat
--> lag pong
<< PING erbium.libera.chat
>> :erbium.libera.chat PONG erbium.libera.chat :erbium.libera.chat
--> lag pong
<< JOIN #chan,#chan2,#chan3
>> :kquetat-!~kquetat-@62.129.8.171 JOIN #chan
>> :erbium.libera.chat MODE #chan +Cnst
>> :erbium.libera.chat 353 kquetat- @ #chan :@kquetat-
>> :erbium.libera.chat 366 kquetat- #chan :End of /NAMES list.
<< MODE #chan
>> :kquetat-!~kquetat-@62.129.8.171 JOIN #chan2
>> :erbium.libera.chat MODE #chan2 +Cnst
>> :erbium.libera.chat 353 kquetat- @ #chan2 :@kquetat-
>> :erbium.libera.chat 366 kquetat- #chan2 :End of /NAMES list.
>> :kquetat-!~kquetat-@62.129.8.171 JOIN #chan3
>> :erbium.libera.chat MODE #chan3 +Cnst
>> :erbium.libera.chat 353 kquetat- @ #chan3 :@kquetat-
>> :erbium.libera.chat 366 kquetat- #chan3 :End of /NAMES list.
>> :services. MODE #chan -o kquetat-   
>> :erbium.libera.chat NOTICE #chan :*** Notice -- TS for #chan changed from 1714117814 to 1621480008
>> :services. MODE #chan -Cs 
>> :ChanServ!ChanServ@services.libera.chat JOIN #chan
>> :services. MODE #chan +o ChanServ   
>> :erbium.libera.chat 324 kquetat- #chan +nt
--> chanquery mode
<< MODE #chan2
>> :erbium.libera.chat 329 kquetat- #chan 1621480008
--> event 329
>> :erbium.libera.chat 324 kquetat- #chan2 +Cnst
--> chanquery mode
<< MODE #chan3
>> :erbium.libera.chat 329 kquetat- #chan2 1714117814
--> event 329
>> :erbium.libera.chat 324 kquetat- #chan3 +Cnst
--> chanquery mode
<< WHO #chan
>> :erbium.libera.chat 329 kquetat- #chan3 1714117814
--> event 329
>> :erbium.libera.chat 352 kquetat- #chan ChanServ services.libera.chat services. ChanServ H@ :0 Channel Services
--> silent event who
>> :erbium.libera.chat 352 kquetat- #chan ~kquetat- 62.129.8.171 erbium.libera.chat kquetat- H :0 Kian Quetat-Riou
--> silent event who
>> :erbium.libera.chat 315 kquetat- #chan :End of /WHO list.
--> chanquery who end
<< WHO #chan2
>> :erbium.libera.chat 352 kquetat- #chan2 ~kquetat- 62.129.8.171 erbium.libera.chat kquetat- H@ :0 Kian Quetat-Riou
--> silent event who
>> :erbium.libera.chat 315 kquetat- #chan2 :End of /WHO list.
--> chanquery who end
<< WHO #chan3
>> :erbium.libera.chat 352 kquetat- #chan3 ~kquetat- 62.129.8.171 erbium.libera.chat kquetat- H@ :0 Kian Quetat-Riou
--> silent event who
>> :erbium.libera.chat 315 kquetat- #chan3 :End of /WHO list.
--> chanquery who end
<< MODE #chan b
>> :erbium.libera.chat 368 kquetat- #chan :End of Channel Ban List
--> chanquery ban end
<< MODE #chan2 b
>> :erbium.libera.chat 368 kquetat- #chan2 :End of Channel Ban List
--> chanquery ban end
<< MODE #chan3 b
>> :erbium.libera.chat 368 kquetat- #chan3 :End of Channel Ban List
--> chanquery ban end
<< PING erbium.libera.chat
>> :erbium.libera.chat PONG erbium.libera.chat :erbium.libera.chat
--> lag pong
<< PING erbium.libera.chat
>> :erbium.libera.chat PONG erbium.libera.chat :erbium.libera.chat
--> lag pong
<< PING erbium.libera.chat
>> :erbium.libera.chat PONG erbium.libera.chat :erbium.libera.chat
--> lag pong
<< PING erbium.libera.chat
>> :erbium.libera.chat PONG erbium.libera.chat :erbium.libera.chat
--> lag pong
>> :kquetat-2!~kquetat-@62.129.8.171 JOIN #chan
>> :ChanServ!ChanServ@services.libera.chat PART #chan
>> :kquetat-1!~kquetat-@62.129.8.171 JOIN #chan
>> :kquetat-_!~kquetat-@62.129.8.171 JOIN #chan
<< PING erbium.libera.chat
>> :erbium.libera.chat PONG erbium.libera.chat :erbium.libera.chat
--> lag pong
<< PART #chan
>> :kquetat-!~kquetat-@62.129.8.171 PART #chan
>> :kquetat-_!~kquetat-@62.129.8.171 JOIN #chan2
>> :kquetat-2!~kquetat-@62.129.8.171 JOIN #chan2
>> :kquetat-1!~kquetat-@62.129.8.171 JOIN #chan2
<< PING erbium.libera.chat
<< KICK #chan2 kquetat- :
>> :erbium.libera.chat PONG erbium.libera.chat :erbium.libera.chat
--> lag pong
>> :kquetat-!~kquetat-@62.129.8.171 KICK #chan2 kquetat- :kquetat-
<< JOIN #chan2
>> :kquetat-!~kquetat-@62.129.8.171 JOIN #chan2
>> :erbium.libera.chat 353 kquetat- @ #chan2 :kquetat- kquetat-1 kquetat-2 kquetat-_
>> :erbium.libera.chat 366 kquetat- #chan2 :End of /NAMES list.
<< MODE #chan2
>> :erbium.libera.chat 324 kquetat- #chan2 +Cnst
--> chanquery mode
<< WHO #chan2
>> :erbium.libera.chat 329 kquetat- #chan2 1714117814
--> event 329
>> :erbium.libera.chat 352 kquetat- #chan2 ~kquetat- 62.129.8.171 erbium.libera.chat kquetat- H :0 Kian Quetat-Riou
--> silent event who
>> :erbium.libera.chat 352 kquetat- #chan2 ~kquetat- 62.129.8.171 erbium.libera.chat kquetat-1 H :0 Kian Quetat-Riou
--> silent event who
>> :erbium.libera.chat 352 kquetat- #chan2 ~kquetat- 62.129.8.171 iridium.libera.chat kquetat-2 H :0 Kian Quetat-Riou
--> silent event who
>> :erbium.libera.chat 352 kquetat- #chan2 ~kquetat- 62.129.8.171 erbium.libera.chat kquetat-_ H :0 Kian Quetat-Riou
--> silent event who
>> :erbium.libera.chat 315 kquetat- #chan2 :End of /WHO list.
--> chanquery who end
<< MODE #chan2 b
>> :erbium.libera.chat 368 kquetat- #chan2 :End of Channel Ban List
--> chanquery ban end
<< PING erbium.libera.chat
>> :erbium.libera.chat PONG erbium.libera.chat :erbium.libera.chat
--> lag pong
<< PING erbium.libera.chat
>> :erbium.libera.chat PONG erbium.libera.chat :erbium.libera.chat
--> lag pong
<< PART #chan2
>> :kquetat-!~kquetat-@62.129.8.171 PART #chan2
>> :kquetat-_!~kquetat-@62.129.8.171 JOIN #chan3
>> :kquetat-1!~kquetat-@62.129.8.171 JOIN #chan3
>> :kquetat-2!~kquetat-@62.129.8.171 JOIN #chan3
<< PING erbium.libera.chat
>> :erbium.libera.chat PONG erbium.libera.chat :erbium.libera.chat
--> lag pong
<< PING erbium.libera.chat
>> :erbium.libera.chat PONG erbium.libera.chat :erbium.libera.chat
--> lag pong
<< PING erbium.libera.chat
>> :erbium.libera.chat PONG erbium.libera.chat :erbium.libera.chat
--> lag pong
<< KICK #chan3 kquetat-_ :byebye
<< KICK #chan3 kquetat-1 :byebye
>> :kquetat-!~kquetat-@62.129.8.171 KICK #chan3 kquetat-_ :byebye
>> :kquetat-!~kquetat-@62.129.8.171 KICK #chan3 kquetat-1 :byebye
<< PING erbium.libera.chat
>> :erbium.libera.chat PONG erbium.libera.chat :erbium.libera.chat
--> lag pong
<< PING erbium.libera.chat
>> :erbium.libera.chat PONG erbium.libera.chat :erbium.libera.chat
--> lag pong
<< PING erbium.libera.chat
>> :erbium.libera.chat PONG erbium.libera.chat :erbium.libera.chat
--> lag pong
<< PING erbium.libera.chat
>> :erbium.libera.chat PONG erbium.libera.chat :erbium.libera.chat
--> lag pong
<< PING erbium.libera.chat
>> :erbium.libera.chat PONG erbium.libera.chat :erbium.libera.chat
--> lag pong
<< PING erbium.libera.chat
>> :erbium.libera.chat PONG erbium.libera.chat :erbium.libera.chat
--> lag pong
>> :kquetat-_!~kquetat-@62.129.8.171 JOIN #chan3
>> :kquetat-1!~kquetat-@62.129.8.171 JOIN #chan3
<< PING erbium.libera.chat
>> :erbium.libera.chat PONG erbium.libera.chat :erbium.libera.chat
--> lag pong
<< KICK #chan3 oui :
>> :erbium.libera.chat 401 kquetat- oui :No such nick/channel
<< PING erbium.libera.chat
>> :erbium.libera.chat PONG erbium.libera.chat :erbium.libera.chat
--> lag pong
<< KICK #blablacouille kquetat-1 :
>> :erbium.libera.chat 403 kquetat- #blablacouille :No such channel
<< PING erbium.libera.chat
>> :erbium.libera.chat PONG erbium.libera.chat :erbium.libera.chat
--> lag pong
<< PING erbium.libera.chat
>> :erbium.libera.chat PONG erbium.libera.chat :erbium.libera.chat
--> lag pong
<< PING erbium.libera.chat
>> :erbium.libera.chat PONG erbium.libera.chat :erbium.libera.chat
--> lag pong
<< PING erbium.libera.chat
>> :erbium.libera.chat PONG erbium.libera.chat :erbium.libera.chat
--> lag pong
<< PING erbium.libera.chat
>> :erbium.libera.chat PONG erbium.libera.chat :erbium.libera.chat
--> lag pong
<< PING erbium.libera.chat
>> :erbium.libera.chat PONG erbium.libera.chat :erbium.libera.chat
--> lag pong
<< PING erbium.libera.chat
>> :erbium.libera.chat PONG erbium.libera.chat :erbium.libera.chat
--> lag pong
<< PING erbium.libera.chat
>> :erbium.libera.chat PONG erbium.libera.chat :erbium.libera.chat
--> lag pong
<< PING erbium.libera.chat
>> :erbium.libera.chat PONG erbium.libera.chat :erbium.libera.chat
--> lag pong
<< PING erbium.libera.chat
>> :erbium.libera.chat PONG erbium.libera.chat :erbium.libera.chat
--> lag pong
<< PING erbium.libera.chat
>> :erbium.libera.chat PONG erbium.libera.chat :erbium.libera.chat
--> lag pong
<< PING erbium.libera.chat
>> :erbium.libera.chat PONG erbium.libera.chat :erbium.libera.chat
--> lag pong
<< PING erbium.libera.chat
>> :erbium.libera.chat PONG erbium.libera.chat :erbium.libera.chat
--> lag pong
<< PING erbium.libera.chat
>> :erbium.libera.chat PONG erbium.libera.chat :erbium.libera.chat
--> lag pong
<< PING erbium.libera.chat
>> :erbium.libera.chat PONG erbium.libera.chat :erbium.libera.chat
--> lag pong
<< PING erbium.libera.chat
>> :erbium.libera.chat PONG erbium.libera.chat :erbium.libera.chat
--> lag pong
<< PING erbium.libera.chat
>> :erbium.libera.chat PONG erbium.libera.chat :erbium.libera.chat
--> lag pong
<< PING erbium.libera.chat
>> :erbium.libera.chat PONG erbium.libera.chat :erbium.libera.chat
--> lag pong
<< PING erbium.libera.chat
>> :erbium.libera.chat PONG erbium.libera.chat :erbium.libera.chat
--> lag pong
<< PING erbium.libera.chat
>> :erbium.libera.chat PONG erbium.libera.chat :erbium.libera.chat
--> lag pong
<< PING erbium.libera.chat
>> :erbium.libera.chat PONG erbium.libera.chat :erbium.libera.chat
--> lag pong
<< PING erbium.libera.chat
>> :erbium.libera.chat PONG erbium.libera.chat :erbium.libera.chat
--> lag pong
<< PING erbium.libera.chat
>> :erbium.libera.chat PONG erbium.libera.chat :erbium.libera.chat
--> lag pong
<< PING erbium.libera.chat
>> :erbium.libera.chat PONG erbium.libera.chat :erbium.libera.chat
--> lag pong
<< PING erbium.libera.chat
>> :erbium.libera.chat PONG erbium.libera.chat :erbium.libera.chat
--> lag pong
<< PING erbium.libera.chat
>> :erbium.libera.chat PONG erbium.libera.chat :erbium.libera.chat
--> lag pong
<< PING erbium.libera.chat
>> :erbium.libera.chat PONG erbium.libera.chat :erbium.libera.chat
--> lag pong
<< PING erbium.libera.chat
>> :erbium.libera.chat PONG erbium.libera.chat :erbium.libera.chat
--> lag pong
<< PING erbium.libera.chat
>> :erbium.libera.chat PONG erbium.libera.chat :erbium.libera.chat
--> lag pong
<< PING erbium.libera.chat
>> :erbium.libera.chat PONG erbium.libera.chat :erbium.libera.chat
--> lag pong
<< PING erbium.libera.chat
>> :erbium.libera.chat PONG erbium.libera.chat :erbium.libera.chat
--> lag pong
<< PING erbium.libera.chat
>> :erbium.libera.chat PONG erbium.libera.chat :erbium.libera.chat
--> lag pong
<< PING erbium.libera.chat
>> :erbium.libera.chat PONG erbium.libera.chat :erbium.libera.chat
--> lag pong
<< PING erbium.libera.chat
>> :erbium.libera.chat PONG erbium.libera.chat :erbium.libera.chat
--> lag pong
<< PING erbium.libera.chat
>> :erbium.libera.chat PONG erbium.libera.chat :erbium.libera.chat
--> lag pong
<< PING erbium.libera.chat
>> :erbium.libera.chat PONG erbium.libera.chat :erbium.libera.chat
--> lag pong
<< PING erbium.libera.chat
>> :erbium.libera.chat PONG erbium.libera.chat :erbium.libera.chat
--> lag pong
<< PING erbium.libera.chat
>> :erbium.libera.chat PONG erbium.libera.chat :erbium.libera.chat
--> lag pong
<< PING erbium.libera.chat
>> :erbium.libera.chat PONG erbium.libera.chat :erbium.libera.chat
--> lag pong
>> :kquetat-2!~kquetat-@62.129.8.171 PRIVMSG #chan3 : kquetat-1 
<< MODE #chan3 +o kquetat-2
>> :kquetat-!~kquetat-@62.129.8.171 MODE #chan3 +o kquetat-2
<< PING erbium.libera.chat
>> :erbium.libera.chat PONG erbium.libera.chat :erbium.libera.chat
--> lag pong
>> :kquetat-2!~kquetat-@62.129.8.171 KICK #chan3 kquetat-1 :kquetat-1
<< PING erbium.libera.chat
>> :erbium.libera.chat PONG erbium.libera.chat :erbium.libera.chat
--> lag pong
<< MODE #chan3 -o kquetat-2
>> :kquetat-!~kquetat-@62.129.8.171 MODE #chan3 -o kquetat-2
<< PING erbium.libera.chat
>> :erbium.libera.chat PONG erbium.libera.chat :erbium.libera.chat
--> lag pong
<< PING erbium.libera.chat
>> :erbium.libera.chat PONG erbium.libera.chat :erbium.libera.chat
--> lag pong
<< PING erbium.libera.chat
>> :erbium.libera.chat PONG erbium.libera.chat :erbium.libera.chat
--> lag pong
<< PING erbium.libera.chat
>> :erbium.libera.chat PONG erbium.libera.chat :erbium.libera.chat
--> lag pong
<< PING erbium.libera.chat
>> :erbium.libera.chat PONG erbium.libera.chat :erbium.libera.chat
--> lag pong
<< PING erbium.libera.chat
>> :erbium.libera.chat PONG erbium.libera.chat :erbium.libera.chat
--> lag pong
<< PING erbium.libera.chat
>> :erbium.libera.chat PONG erbium.libera.chat :erbium.libera.chat
--> lag pong
<< PING erbium.libera.chat
>> :erbium.libera.chat PONG erbium.libera.chat :erbium.libera.chat
--> lag pong
<< PING erbium.libera.chat
>> :erbium.libera.chat PONG erbium.libera.chat :erbium.libera.chat
--> lag pong
<< PING erbium.libera.chat
>> :erbium.libera.chat PONG erbium.libera.chat :erbium.libera.chat
--> lag pong
<< PING erbium.libera.chat
>> :erbium.libera.chat PONG erbium.libera.chat :erbium.libera.chat
--> lag pong
<< PING erbium.libera.chat
>> :erbium.libera.chat PONG erbium.libera.chat :erbium.libera.chat
--> lag pong
<< PING erbium.libera.chat
>> :erbium.libera.chat PONG erbium.libera.chat :erbium.libera.chat
--> lag pong
<< PING erbium.libera.chat
>> :erbium.libera.chat PONG erbium.libera.chat :erbium.libera.chat
--> lag pong
<< PING erbium.libera.chat
>> :erbium.libera.chat PONG erbium.libera.chat :erbium.libera.chat
--> lag pong
<< PING erbium.libera.chat
>> :erbium.libera.chat PONG erbium.libera.chat :erbium.libera.chat
--> lag pong
<< PING erbium.libera.chat
>> :erbium.libera.chat PONG erbium.libera.chat :erbium.libera.chat
--> lag pong
<< PING erbium.libera.chat
>> :erbium.libera.chat PONG erbium.libera.chat :erbium.libera.chat
--> lag pong
<< PING erbium.libera.chat
>> :erbium.libera.chat PONG erbium.libera.chat :erbium.libera.chat
--> lag pong
<< PING erbium.libera.chat
>> :erbium.libera.chat PONG erbium.libera.chat :erbium.libera.chat
--> lag pong
<< PING erbium.libera.chat
>> :erbium.libera.chat PONG erbium.libera.chat :erbium.libera.chat
--> lag pong
<< PING erbium.libera.chat
>> :erbium.libera.chat PONG erbium.libera.chat :erbium.libera.chat
--> lag pong
<< PING erbium.libera.chat
>> :erbium.libera.chat PONG erbium.libera.chat :erbium.libera.chat
--> lag pong
<< PING erbium.libera.chat
>> :erbium.libera.chat PONG erbium.libera.chat :erbium.libera.chat
--> lag pong
<< PING erbium.libera.chat
>> :erbium.libera.chat PONG erbium.libera.chat :erbium.libera.chat
--> lag pong
<< PING erbium.libera.chat
>> :erbium.libera.chat PONG erbium.libera.chat :erbium.libera.chat
--> lag pong
<< PING erbium.libera.chat
>> :erbium.libera.chat PONG erbium.libera.chat :erbium.libera.chat
--> lag pong
<< PING erbium.libera.chat
>> :erbium.libera.chat PONG erbium.libera.chat :erbium.libera.chat
--> lag pong
<< PING erbium.libera.chat
>> :erbium.libera.chat PONG erbium.libera.chat :erbium.libera.chat
--> lag pong
<< PING erbium.libera.chat
>> :erbium.libera.chat PONG erbium.libera.chat :erbium.libera.chat
--> lag pong
<< PING erbium.libera.chat
>> :erbium.libera.chat PONG erbium.libera.chat :erbium.libera.chat
--> lag pong
<< PING erbium.libera.chat
>> :erbium.libera.chat PONG erbium.libera.chat :erbium.libera.chat
--> lag pong
<< PING erbium.libera.chat
>> :erbium.libera.chat PONG erbium.libera.chat :erbium.libera.chat
--> lag pong
<< PING erbium.libera.chat
>> :erbium.libera.chat PONG erbium.libera.chat :erbium.libera.chat
--> lag pong
<< PING erbium.libera.chat
>> :erbium.libera.chat PONG erbium.libera.chat :erbium.libera.chat
--> lag pong
<< PING erbium.libera.chat
>> :erbium.libera.chat PONG erbium.libera.chat :erbium.libera.chat
--> lag pong
<< PING erbium.libera.chat
>> :erbium.libera.chat PONG erbium.libera.chat :erbium.libera.chat
--> lag pong
<< PING erbium.libera.chat
>> :erbium.libera.chat PONG erbium.libera.chat :erbium.libera.chat
--> lag pong
<< PING erbium.libera.chat
>> :erbium.libera.chat PONG erbium.libera.chat :erbium.libera.chat
--> lag pong
<< PING erbium.libera.chat
>> :erbium.libera.chat PONG erbium.libera.chat :erbium.libera.chat
--> lag pong
<< PING erbium.libera.chat
>> :erbium.libera.chat PONG erbium.libera.chat :erbium.libera.chat
--> lag pong
<< PING erbium.libera.chat
>> :erbium.libera.chat PONG erbium.libera.chat :erbium.libera.chat
--> lag pong
<< PING erbium.libera.chat
>> :erbium.libera.chat PONG erbium.libera.chat :erbium.libera.chat
--> lag pong
<< PING erbium.libera.chat
>> :erbium.libera.chat PONG erbium.libera.chat :erbium.libera.chat
--> lag pong
<< PING erbium.libera.chat
>> :erbium.libera.chat PONG erbium.libera.chat :erbium.libera.chat
--> lag pong
<< PING erbium.libera.chat
>> :erbium.libera.chat PONG erbium.libera.chat :erbium.libera.chat
--> lag pong
<< PING erbium.libera.chat
>> :erbium.libera.chat PONG erbium.libera.chat :erbium.libera.chat
--> lag pong
<< PING erbium.libera.chat
>> :erbium.libera.chat PONG erbium.libera.chat :erbium.libera.chat
--> lag pong
<< PING erbium.libera.chat
>> :erbium.libera.chat PONG erbium.libera.chat :erbium.libera.chat
--> lag pong
<< PING erbium.libera.chat
>> :erbium.libera.chat PONG erbium.libera.chat :erbium.libera.chat
--> lag pong
<< PING erbium.libera.chat
>> :erbium.libera.chat PONG erbium.libera.chat :erbium.libera.chat
--> lag pong
<< PING erbium.libera.chat
>> :erbium.libera.chat PONG erbium.libera.chat :erbium.libera.chat
--> lag pong
<< PING erbium.libera.chat
>> :erbium.libera.chat PONG erbium.libera.chat :erbium.libera.chat
--> lag pong
<< PING erbium.libera.chat
>> :erbium.libera.chat PONG erbium.libera.chat :erbium.libera.chat
--> lag pong
<< PING erbium.libera.chat
>> :erbium.libera.chat PONG erbium.libera.chat :erbium.libera.chat
--> lag pong
<< PING erbium.libera.chat
>> :erbium.libera.chat PONG erbium.libera.chat :erbium.libera.chat
--> lag pong
<< PING erbium.libera.chat
>> :erbium.libera.chat PONG erbium.libera.chat :erbium.libera.chat
--> lag pong
<< PING erbium.libera.chat
>> :erbium.libera.chat PONG erbium.libera.chat :erbium.libera.chat
--> lag pong
<< PING erbium.libera.chat
>> :erbium.libera.chat PONG erbium.libera.chat :erbium.libera.chat
--> lag pong
<< PING erbium.libera.chat
>> :erbium.libera.chat PONG erbium.libera.chat :erbium.libera.chat
--> lag pong
<< PING erbium.libera.chat
>> :erbium.libera.chat PONG erbium.libera.chat :erbium.libera.chat
--> lag pong
<< PING erbium.libera.chat
>> :erbium.libera.chat PONG erbium.libera.chat :erbium.libera.chat
--> lag pong
<< PING erbium.libera.chat
>> :erbium.libera.chat PONG erbium.libera.chat :erbium.libera.chat
--> lag pong
<< PING erbium.libera.chat
>> :erbium.libera.chat PONG erbium.libera.chat :erbium.libera.chat
--> lag pong
<< PING erbium.libera.chat
>> :erbium.libera.chat PONG erbium.libera.chat :erbium.libera.chat
--> lag pong
<< PING erbium.libera.chat
>> :erbium.libera.chat PONG erbium.libera.chat :erbium.libera.chat
--> lag pong
<< PING erbium.libera.chat
>> :erbium.libera.chat PONG erbium.libera.chat :erbium.libera.chat
--> lag pong
<< PING erbium.libera.chat
>> :erbium.libera.chat PONG erbium.libera.chat :erbium.libera.chat
--> lag pong
<< PING erbium.libera.chat
>> :erbium.libera.chat PONG erbium.libera.chat :erbium.libera.chat
--> lag pong
<< PING erbium.libera.chat
>> :erbium.libera.chat PONG erbium.libera.chat :erbium.libera.chat
--> lag pong
<< PING erbium.libera.chat
>> :erbium.libera.chat PONG erbium.libera.chat :erbium.libera.chat
--> lag pong
<< PING erbium.libera.chat
>> :erbium.libera.chat PONG erbium.libera.chat :erbium.libera.chat
--> lag pong
<< PING erbium.libera.chat
>> :erbium.libera.chat PONG erbium.libera.chat :erbium.libera.chat
--> lag pong
<< PING erbium.libera.chat
>> :erbium.libera.chat PONG erbium.libera.chat :erbium.libera.chat
--> lag pong
<< PING erbium.libera.chat
>> :erbium.libera.chat PONG erbium.libera.chat :erbium.libera.chat
--> lag pong
<< PING erbium.libera.chat
>> :erbium.libera.chat PONG erbium.libera.chat :erbium.libera.chat
--> lag pong
<< PING erbium.libera.chat
>> :erbium.libera.chat PONG erbium.libera.chat :erbium.libera.chat
--> lag pong
<< PING erbium.libera.chat
>> :erbium.libera.chat PONG erbium.libera.chat :erbium.libera.chat
--> lag pong
<< PING erbium.libera.chat
>> :erbium.libera.chat PONG erbium.libera.chat :erbium.libera.chat
--> lag pong
<< PING erbium.libera.chat
>> :erbium.libera.chat PONG erbium.libera.chat :erbium.libera.chat
--> lag pong
<< PING erbium.libera.chat
>> :erbium.libera.chat PONG erbium.libera.chat :erbium.libera.chat
--> lag pong
<< PING erbium.libera.chat
>> :erbium.libera.chat PONG erbium.libera.chat :erbium.libera.chat
--> lag pong
<< PING erbium.libera.chat
>> :erbium.libera.chat PONG erbium.libera.chat :erbium.libera.chat
--> lag pong
<< PING erbium.libera.chat
>> :erbium.libera.chat PONG erbium.libera.chat :erbium.libera.chat
--> lag pong
<< PING erbium.libera.chat
>> :erbium.libera.chat PONG erbium.libera.chat :erbium.libera.chat
--> lag pong
<< PING erbium.libera.chat
>> :erbium.libera.chat PONG erbium.libera.chat :erbium.libera.chat
--> lag pong
<< PING erbium.libera.chat
>> :erbium.libera.chat PONG erbium.libera.chat :erbium.libera.chat
--> lag pong
<< PING erbium.libera.chat
>> :erbium.libera.chat PONG erbium.libera.chat :erbium.libera.chat
--> lag pong
<< PING erbium.libera.chat
>> :erbium.libera.chat PONG erbium.libera.chat :erbium.libera.chat
--> lag pong
<< PING erbium.libera.chat
>> :erbium.libera.chat PONG erbium.libera.chat :erbium.libera.chat
--> lag pong
<< PING erbium.libera.chat
>> :erbium.libera.chat PONG erbium.libera.chat :erbium.libera.chat
--> lag pong
<< PING erbium.libera.chat
>> :erbium.libera.chat PONG erbium.libera.chat :erbium.libera.chat
--> lag pong
<< PING erbium.libera.chat
>> :erbium.libera.chat PONG erbium.libera.chat :erbium.libera.chat
--> lag pong
<< PING erbium.libera.chat
>> :erbium.libera.chat PONG erbium.libera.chat :erbium.libera.chat
--> lag pong
<< PING erbium.libera.chat
>> :erbium.libera.chat PONG erbium.libera.chat :erbium.libera.chat
--> lag pong
<< PING erbium.libera.chat
>> :erbium.libera.chat PONG erbium.libera.chat :erbium.libera.chat
--> lag pong
<< PING erbium.libera.chat
>> :erbium.libera.chat PONG erbium.libera.chat :erbium.libera.chat
--> lag pong
<< PING erbium.libera.chat
>> :erbium.libera.chat PONG erbium.libera.chat :erbium.libera.chat
--> lag pong
<< PING erbium.libera.chat
>> :erbium.libera.chat PONG erbium.libera.chat :erbium.libera.chat
--> lag pong
<< PING erbium.libera.chat
>> :erbium.libera.chat PONG erbium.libera.chat :erbium.libera.chat
--> lag pong
<< PING erbium.libera.chat
>> :erbium.libera.chat PONG erbium.libera.chat :erbium.libera.chat
--> lag pong
<< PING erbium.libera.chat
>> :erbium.libera.chat PONG erbium.libera.chat :erbium.libera.chat
--> lag pong
<< PING erbium.libera.chat
>> :erbium.libera.chat PONG erbium.libera.chat :erbium.libera.chat
--> lag pong
<< PING erbium.libera.chat
>> :erbium.libera.chat PONG erbium.libera.chat :erbium.libera.chat
--> lag pong
<< PING erbium.libera.chat
>> :erbium.libera.chat PONG erbium.libera.chat :erbium.libera.chat
--> lag pong
<< PING erbium.libera.chat
>> :erbium.libera.chat PONG erbium.libera.chat :erbium.libera.chat
--> lag pong
<< PING erbium.libera.chat
>> :erbium.libera.chat PONG erbium.libera.chat :erbium.libera.chat
--> lag pong
<< PING erbium.libera.chat
>> :erbium.libera.chat PONG erbium.libera.chat :erbium.libera.chat
--> lag pong
<< PING erbium.libera.chat
>> :erbium.libera.chat PONG erbium.libera.chat :erbium.libera.chat
--> lag pong
<< PING erbium.libera.chat
>> :erbium.libera.chat PONG erbium.libera.chat :erbium.libera.chat
--> lag pong
<< PING erbium.libera.chat
>> :erbium.libera.chat PONG erbium.libera.chat :erbium.libera.chat
--> lag pong
<< PING erbium.libera.chat
>> :erbium.libera.chat PONG erbium.libera.chat :erbium.libera.chat
--> lag pong
<< PING erbium.libera.chat
>> :erbium.libera.chat PONG erbium.libera.chat :erbium.libera.chat
--> lag pong
<< PING erbium.libera.chat
>> :erbium.libera.chat PONG erbium.libera.chat :erbium.libera.chat
--> lag pong
<< PING erbium.libera.chat
>> :erbium.libera.chat PONG erbium.libera.chat :erbium.libera.chat
--> lag pong
<< PING erbium.libera.chat
>> :erbium.libera.chat PONG erbium.libera.chat :erbium.libera.chat
--> lag pong
<< PING erbium.libera.chat
>> :erbium.libera.chat PONG erbium.libera.chat :erbium.libera.chat
--> lag pong
<< PING erbium.libera.chat
>> :erbium.libera.chat PONG erbium.libera.chat :erbium.libera.chat
--> lag pong
<< PING erbium.libera.chat
>> :erbium.libera.chat PONG erbium.libera.chat :erbium.libera.chat
--> lag pong
<< PING erbium.libera.chat
>> :erbium.libera.chat PONG erbium.libera.chat :erbium.libera.chat
--> lag pong
<< PING erbium.libera.chat
>> :erbium.libera.chat PONG erbium.libera.chat :erbium.libera.chat
--> lag pong
<< PING erbium.libera.chat
>> :erbium.libera.chat PONG erbium.libera.chat :erbium.libera.chat
--> lag pong
<< PING erbium.libera.chat
>> :erbium.libera.chat PONG erbium.libera.chat :erbium.libera.chat
--> lag pong
<< PING erbium.libera.chat
>> :erbium.libera.chat PONG erbium.libera.chat :erbium.libera.chat
--> lag pong
<< PING erbium.libera.chat
>> :erbium.libera.chat PONG erbium.libera.chat :erbium.libera.chat
--> lag pong
<< PING erbium.libera.chat
>> :erbium.libera.chat PONG erbium.libera.chat :erbium.libera.chat
--> lag pong
<< PING erbium.libera.chat
>> :erbium.libera.chat PONG erbium.libera.chat :erbium.libera.chat
--> lag pong
<< PING erbium.libera.chat
>> :erbium.libera.chat PONG erbium.libera.chat :erbium.libera.chat
--> lag pong
<< PING erbium.libera.chat
>> :erbium.libera.chat PONG erbium.libera.chat :erbium.libera.chat
--> lag pong
<< PING erbium.libera.chat
>> :erbium.libera.chat PONG erbium.libera.chat :erbium.libera.chat
--> lag pong
<< PING erbium.libera.chat
>> :erbium.libera.chat PONG erbium.libera.chat :erbium.libera.chat
--> lag pong
<< PING erbium.libera.chat
>> :erbium.libera.chat PONG erbium.libera.chat :erbium.libera.chat
--> lag pong
<< PING erbium.libera.chat
>> :erbium.libera.chat PONG erbium.libera.chat :erbium.libera.chat
--> lag pong
<< PING erbium.libera.chat
>> :erbium.libera.chat PONG erbium.libera.chat :erbium.libera.chat
--> lag pong
<< PING erbium.libera.chat
>> :erbium.libera.chat PONG erbium.libera.chat :erbium.libera.chat
--> lag pong
<< PING erbium.libera.chat
>> :erbium.libera.chat PONG erbium.libera.chat :erbium.libera.chat
--> lag pong
<< PING erbium.libera.chat
>> :erbium.libera.chat PONG erbium.libera.chat :erbium.libera.chat
--> lag pong
<< PING erbium.libera.chat
>> :erbium.libera.chat PONG erbium.libera.chat :erbium.libera.chat
--> lag pong
<< PING erbium.libera.chat
>> :erbium.libera.chat PONG erbium.libera.chat :erbium.libera.chat
--> lag pong
<< PING erbium.libera.chat
>> :erbium.libera.chat PONG erbium.libera.chat :erbium.libera.chat
--> lag pong
<< PRIVMSG #chan3 :hello
<< PING erbium.libera.chat
>> :erbium.libera.chat PONG erbium.libera.chat :erbium.libera.chat
--> lag pong
<< PRIVMSG #chan3 :how are yo
<< PING erbium.libera.chat
>> :erbium.libera.chat PONG erbium.libera.chat :erbium.libera.chat
--> lag pong
<< PING erbium.libera.chat
>> :erbium.libera.chat PONG erbium.libera.chat :erbium.libera.chat
--> lag pong
<< PING erbium.libera.chat
>> :erbium.libera.chat PONG erbium.libera.chat :erbium.libera.chat
--> lag pong
<< PING erbium.libera.chat
>> :erbium.libera.chat PONG erbium.libera.chat :erbium.libera.chat
--> lag pong
<< PING erbium.libera.chat
>> :erbium.libera.chat PONG erbium.libera.chat :erbium.libera.chat
--> lag pong
<< PING erbium.libera.chat
>> :erbium.libera.chat PONG erbium.libera.chat :erbium.libera.chat
--> lag pong
<< PING erbium.libera.chat
>> :erbium.libera.chat PONG erbium.libera.chat :erbium.libera.chat
--> lag pong
<< PING erbium.libera.chat
>> :erbium.libera.chat PONG erbium.libera.chat :erbium.libera.chat
--> lag pong
<< PING erbium.libera.chat
>> :erbium.libera.chat PONG erbium.libera.chat :erbium.libera.chat
--> lag pong
<< PING erbium.libera.chat
>> :erbium.libera.chat PONG erbium.libera.chat :erbium.libera.chat
--> lag pong
<< PING erbium.libera.chat
>> :erbium.libera.chat PONG erbium.libera.chat :erbium.libera.chat
--> lag pong
<< PING erbium.libera.chat
>> :erbium.libera.chat PONG erbium.libera.chat :erbium.libera.chat
--> lag pong
<< PING erbium.libera.chat
>> :erbium.libera.chat PONG erbium.libera.chat :erbium.libera.chat
--> lag pong
<< PING erbium.libera.chat
>> :erbium.libera.chat PONG erbium.libera.chat :erbium.libera.chat
--> lag pong
<< PING erbium.libera.chat
>> :erbium.libera.chat PONG erbium.libera.chat :erbium.libera.chat
--> lag pong
<< PING erbium.libera.chat
>> :erbium.libera.chat PONG erbium.libera.chat :erbium.libera.chat
--> lag pong
<< PING erbium.libera.chat
>> :erbium.libera.chat PONG erbium.libera.chat :erbium.libera.chat
--> lag pong
<< PING erbium.libera.chat
>> :erbium.libera.chat PONG erbium.libera.chat :erbium.libera.chat
--> lag pong
<< PING erbium.libera.chat
>> :erbium.libera.chat PONG erbium.libera.chat :erbium.libera.chat
--> lag pong
<< PING erbium.libera.chat
>> :erbium.libera.chat PONG erbium.libera.chat :erbium.libera.chat
--> lag pong
<< PING erbium.libera.chat
>> :erbium.libera.chat PONG erbium.libera.chat :erbium.libera.chat
--> lag pong
<< PING erbium.libera.chat
>> :erbium.libera.chat PONG erbium.libera.chat :erbium.libera.chat
--> lag pong
<< PART #chan3
>> :kquetat-!~kquetat-@62.129.8.171 PART #chan3
<< PING erbium.libera.chat
>> :erbium.libera.chat PONG erbium.libera.chat :erbium.libera.chat
--> lag pong
<< PING erbium.libera.chat
>> :erbium.libera.chat PONG erbium.libera.chat :erbium.libera.chat
--> lag pong
<< PING erbium.libera.chat
>> :erbium.libera.chat PONG erbium.libera.chat :erbium.libera.chat
--> lag pong
<< QUIT :leaving
