<< CAP LS
<< NICK kquetat-
<< USER kquetat- kquetat- irc.libera.chat :Kian Quetat-Riou
>> :platinum.libera.chat NOTICE * :*** Checking Ident
>> :platinum.libera.chat NOTICE * :*** Looking up your hostname...
>> :platinum.libera.chat NOTICE * :*** Couldn't look up your hostname
>> :platinum.libera.chat NOTICE * :*** No Ident response
>> :platinum.libera.chat CAP * LS :account-notify away-notify chghost extended-join multi-prefix sasl tls account-tag cap-notify echo-message server-time solanum.chat/identify-msg solanum.chat/oper solanum.chat/realhost
<< CAP REQ :multi-prefix
>> :platinum.libera.chat CAP kquetat- ACK :multi-prefix
<< CAP END
>> :platinum.libera.chat 001 kquetat- :Welcome to the Libera.Chat Internet Relay Chat Network kquetat-
<< MODE kquetat- +i
>> :platinum.libera.chat 002 kquetat- :Your host is platinum.libera.chat[188.240.145.102/6697], running version solanum-1.0-dev
>> :platinum.libera.chat 003 kquetat- :This server was created Mon Nov 13 2023 at 20:06:46 UTC
>> :platinum.libera.chat 004 kquetat- platinum.libera.chat solanum-1.0-dev DGIMQRSZaghilopsuwz CFILMPQRSTbcefgijklmnopqrstuvz bkloveqjfI
>> :platinum.libera.chat 005 kquetat- ACCOUNTEXTBAN=a SAFELIST ELIST=CMNTU FNC WHOX CALLERID=g KNOCK MONITOR=100 ETRACE CHANTYPES=# EXCEPTS INVEX :are supported by this server
>> :platinum.libera.chat 005 kquetat- CHANMODES=eIbq,k,flj,CFLMPQRSTcgimnprstuz CHANLIMIT=#:250 PREFIX=(ov)@+ MAXLIST=bqeI:100 MODES=4 NETWORK=Libera.Chat STATUSMSG=@+ CASEMAPPING=rfc1459 NICKLEN=16 MAXNICKLEN=16 CHANNELLEN=50 TOPICLEN=390 :are supported by this server
>> :platinum.libera.chat 005 kquetat- DEAF=D TARGMAX=NAMES:1,LIST:1,KICK:1,WHOIS:1,PRIVMSG:4,NOTICE:4,ACCEPT:,MONITOR: EXTBAN=$,agjrxz :are supported by this server
>> :platinum.libera.chat 251 kquetat- :There are 73 users and 35453 invisible on 28 servers
>> :platinum.libera.chat 252 kquetat- 41 :IRC Operators online
>> :platinum.libera.chat 253 kquetat- 58 :unknown connection(s)
>> :platinum.libera.chat 254 kquetat- 23112 :channels formed
>> :platinum.libera.chat 255 kquetat- :I have 2320 clients and 1 servers
>> :platinum.libera.chat 265 kquetat- 2320 2958 :Current local users 2320, max 2958
>> :platinum.libera.chat 266 kquetat- 35526 37286 :Current global users 35526, max 37286
>> :platinum.libera.chat 250 kquetat- :Highest connection count: 2959 (2958 clients) (317783 connections received)
>> :platinum.libera.chat 375 kquetat- :- platinum.libera.chat Message of the Day - 
>> :platinum.libera.chat 372 kquetat- :- This server provided by NORDUnet/SUNET
>> :platinum.libera.chat 372 kquetat- :- Welcome to Libera Chat, the IRC network for
>> :platinum.libera.chat 372 kquetat- :- free & open-source software and peer directed projects.
>> :platinum.libera.chat 372 kquetat- :-  
>> :platinum.libera.chat 372 kquetat- :- Use of Libera Chat is governed by our network policies.
>> :platinum.libera.chat 372 kquetat- :-  
>> :platinum.libera.chat 372 kquetat- :- To reduce network abuses we perform open proxy checks
>> :platinum.libera.chat 372 kquetat- :- on hosts at connection time.
>> :platinum.libera.chat 372 kquetat- :-  
>> :platinum.libera.chat 372 kquetat- :- Please visit us in #libera for questions and support.
>> :platinum.libera.chat 372 kquetat- :-  
>> :platinum.libera.chat 372 kquetat- :- Website and documentation:  https://libera.chat
>> :platinum.libera.chat 372 kquetat- :- Webchat:                    https://web.libera.chat
>> :platinum.libera.chat 372 kquetat- :- Network policies:           https://libera.chat/policies
>> :platinum.libera.chat 372 kquetat- :- Email:                      support@libera.chat
>> :platinum.libera.chat 376 kquetat- :End of /MOTD command.
>> :kquetat- MODE kquetat- :+Ziw
<< JOIN #caca
<< PING platinum.libera.chat
>> :kquetat-!~kquetat-@62.129.8.171 JOIN #caca
>> :platinum.libera.chat MODE #caca +Cnst
>> :platinum.libera.chat 353 kquetat- @ #caca :@kquetat-
>> :platinum.libera.chat 366 kquetat- #caca :End of /NAMES list.
<< MODE #caca
>> :platinum.libera.chat PONG platinum.libera.chat :platinum.libera.chat
--> lag pong
>> :platinum.libera.chat 324 kquetat- #caca +Cnst
--> chanquery mode
<< WHO #caca
>> :platinum.libera.chat 329 kquetat- #caca 1713518561
--> event 329
>> :platinum.libera.chat 352 kquetat- #caca ~kquetat- 62.129.8.171 platinum.libera.chat kquetat- H@ :0 Kian Quetat-Riou
--> silent event who
>> :platinum.libera.chat 315 kquetat- #caca :End of /WHO list.
--> chanquery who end
<< MODE #caca b
>> :platinum.libera.chat 368 kquetat- #caca :End of Channel Ban List
--> chanquery ban end
<< PING platinum.libera.chat
>> :platinum.libera.chat PONG platinum.libera.chat :platinum.libera.chat
--> lag pong
<< PING platinum.libera.chat
>> :platinum.libera.chat PONG platinum.libera.chat :platinum.libera.chat
--> lag pong
<< PART #caca
>> :kquetat-!~kquetat-@62.129.8.171 PART #caca
<< JOIN #caca1,#caca2,#caca3
>> :kquetat-!~kquetat-@62.129.8.171 JOIN #caca1
>> :platinum.libera.chat MODE #caca1 +Cnst
>> :platinum.libera.chat 353 kquetat- @ #caca1 :@kquetat-
>> :platinum.libera.chat 366 kquetat- #caca1 :End of /NAMES list.
<< MODE #caca1
>> :kquetat-!~kquetat-@62.129.8.171 JOIN #caca2
>> :platinum.libera.chat MODE #caca2 +Cnst
>> :platinum.libera.chat 353 kquetat- @ #caca2 :@kquetat-
>> :platinum.libera.chat 366 kquetat- #caca2 :End of /NAMES list.
>> :kquetat-!~kquetat-@62.129.8.171 JOIN #caca3
>> :platinum.libera.chat MODE #caca3 +Cnst
>> :platinum.libera.chat 353 kquetat- @ #caca3 :@kquetat-
>> :platinum.libera.chat 366 kquetat- #caca3 :End of /NAMES list.
>> :platinum.libera.chat 324 kquetat- #caca1 +Cnst
--> chanquery mode
<< MODE #caca2
>> :platinum.libera.chat 329 kquetat- #caca1 1713518723
--> event 329
>> :platinum.libera.chat 324 kquetat- #caca2 +Cnst
--> chanquery mode
<< MODE #caca3
>> :platinum.libera.chat 329 kquetat- #caca2 1713518723
--> event 329
>> :platinum.libera.chat 324 kquetat- #caca3 +Cnst
--> chanquery mode
<< WHO #caca1
>> :platinum.libera.chat 329 kquetat- #caca3 1713518723
--> event 329
>> :platinum.libera.chat 352 kquetat- #caca1 ~kquetat- 62.129.8.171 platinum.libera.chat kquetat- H@ :0 Kian Quetat-Riou
--> silent event who
>> :platinum.libera.chat 315 kquetat- #caca1 :End of /WHO list.
--> chanquery who end
<< WHO #caca2
>> :platinum.libera.chat 352 kquetat- #caca2 ~kquetat- 62.129.8.171 platinum.libera.chat kquetat- H@ :0 Kian Quetat-Riou
--> silent event who
>> :platinum.libera.chat 315 kquetat- #caca2 :End of /WHO list.
--> chanquery who end
<< WHO #caca3
>> :platinum.libera.chat 352 kquetat- #caca3 ~kquetat- 62.129.8.171 platinum.libera.chat kquetat- H@ :0 Kian Quetat-Riou
--> silent event who
>> :platinum.libera.chat 315 kquetat- #caca3 :End of /WHO list.
--> chanquery who end
<< MODE #caca1 b
>> :platinum.libera.chat 368 kquetat- #caca1 :End of Channel Ban List
--> chanquery ban end
<< MODE #caca2 b
>> :platinum.libera.chat 368 kquetat- #caca2 :End of Channel Ban List
--> chanquery ban end
<< MODE #caca3 b
>> :platinum.libera.chat 368 kquetat- #caca3 :End of Channel Ban List
--> chanquery ban end
<< PART #caca3
>> :kquetat-!~kquetat-@62.129.8.171 PART #caca3
<< PART #caca3
>> :platinum.libera.chat 403 kquetat- #caca3 :No such channel
<< PART #caca2
>> :kquetat-!~kquetat-@62.129.8.171 PART #caca2
<< PING platinum.libera.chat
>> :platinum.libera.chat PONG platinum.libera.chat :platinum.libera.chat
--> lag pong
<< PING platinum.libera.chat
>> :platinum.libera.chat PONG platinum.libera.chat :platinum.libera.chat
--> lag pong
<< PING platinum.libera.chat
>> :platinum.libera.chat PONG platinum.libera.chat :platinum.libera.chat
--> lag pong
<< PING platinum.libera.chat
>> :platinum.libera.chat PONG platinum.libera.chat :platinum.libera.chat
--> lag pong
<< PING platinum.libera.chat
>> :platinum.libera.chat PONG platinum.libera.chat :platinum.libera.chat
--> lag pong
<< PING platinum.libera.chat
>> :platinum.libera.chat PONG platinum.libera.chat :platinum.libera.chat
--> lag pong
<< PING platinum.libera.chat
>> :platinum.libera.chat PONG platinum.libera.chat :platinum.libera.chat
--> lag pong
<< PING platinum.libera.chat
>> :platinum.libera.chat PONG platinum.libera.chat :platinum.libera.chat
--> lag pong
<< QUIT :leaving
